{
  "RSpec": {
    "coverage": {
      "/Users/jenniferkonikowski/Dropbox/dev/course-review/app/models/user.rb": [
        null,
        null,
        1,
        null,
        null,
        1,
        null,
        null,
        1,
        1,
        null,
        null,
        null,
        null,
        null,
        null,
        null,
        null,
        null,
        null,
        null,
        null,
        null,
        null,
        null,
        null,
        null,
        null,
        null,
        null,
        null,
        null,
        null,
        null,
        null,
        null,
        null,
        null,
        null,
        null,
        null,
        null,
        null
      ],
      "/Users/jenniferkonikowski/Dropbox/dev/course-review/app/models/application_record.rb": [
        null,
        null,
        1,
        1,
        null
      ],
      "/Users/jenniferkonikowski/Dropbox/dev/course-review/app/helpers/application_helper.rb": [
        null,
        null,
        1,
        null
      ],
      "/Users/jenniferkonikowski/Dropbox/dev/course-review/app/helpers/users_helper.rb": [
        null,
        null,
        1,
        null
      ],
      "/Users/jenniferkonikowski/Dropbox/dev/course-review/app/controllers/users_controller.rb": [
        null,
        null,
        1,
        1,
        null,
        null,
        null,
        1,
        4,
        null,
        null,
        null,
        1,
        2,
        null,
        null,
        null,
        null,
        1,
        5,
        null,
        5,
        5,
        6,
        3,
        null,
        4,
        2,
        null,
        null,
        null,
        null,
        null,
        null,
        1,
        5,
        5,
        6,
        3,
        null,
        4,
        2,
        null,
        null,
        null,
        null,
        null,
        null,
        1,
        2,
        2,
        4,
        2,
        null,
        null,
        null,
        null,
        1,
        2,
        2,
        null,
        null,
        null,
        1,
        2,
        2,
        null,
        null,
        1,
        null,
        null,
        1,
        11,
        null,
        null,
        null,
        1,
        10,
        null,
        null
      ],
      "/Users/jenniferkonikowski/Dropbox/dev/course-review/app/controllers/application_controller.rb": [
        null,
        null,
        1,
        1,
        null
      ],
      "/Users/jenniferkonikowski/Dropbox/dev/course-review/app/mailers/application_mailer.rb": [
        null,
        null,
        0,
        0,
        0,
        0
      ]
    },
    "timestamp": 1559426655
  }
}
