{
  "RSpec": {
    "coverage": {
      "/Users/jenniferkonikowski/Dropbox/dev/course-review/app/models/user.rb": [
        null,
        null,
        1,
        null,
        null,
        1,
        null,
        null,
        1,
        null,
        1,
        4,
        null,
        null,
        1,
        66,
        null,
        null,
        null,
        null,
        null,
        null,
        null,
        null,
        null,
        null,
        null,
        null,
        null,
        null,
        null,
        null,
        null,
        null,
        null,
        null,
        null,
        null,
        null,
        null,
        null,
        null,
        null,
        null,
        null,
        null,
        null,
        null,
        null
      ],
      "/Users/jenniferkonikowski/Dropbox/dev/course-review/app/models/application_record.rb": [
        null,
        null,
        1,
        1,
        null
      ],
      "/Users/jenniferkonikowski/Dropbox/dev/course-review/app/helpers/application_helper.rb": [
        null,
        null,
        1,
        null
      ],
      "/Users/jenniferkonikowski/Dropbox/dev/course-review/app/helpers/courses_helper.rb": [
        1,
        null
      ],
      "/Users/jenniferkonikowski/Dropbox/dev/course-review/app/helpers/schools_helper.rb": [
        1,
        null
      ],
      "/Users/jenniferkonikowski/Dropbox/dev/course-review/app/helpers/users_helper.rb": [
        null,
        null,
        1,
        null
      ],
      "/Users/jenniferkonikowski/Dropbox/dev/course-review/app/controllers/courses_controller.rb": [
        1,
        1,
        1,
        1,
        1,
        null,
        null,
        null,
        1,
        9,
        1,
        null,
        8,
        8,
        null,
        null,
        null,
        null,
        null,
        1,
        null,
        null,
        null,
        1,
        2,
        null,
        null,
        null,
        1,
        null,
        null,
        null,
        null,
        1,
        5,
        null,
        5,
        5,
        6,
        3,
        null,
        4,
        2,
        null,
        null,
        null,
        null,
        null,
        null,
        1,
        5,
        5,
        4,
        2,
        null,
        6,
        3,
        null,
        null,
        null,
        null,
        null,
        null,
        1,
        2,
        2,
        4,
        2,
        null,
        null,
        null,
        1,
        null,
        1,
        28,
        null,
        null,
        1,
        11,
        null,
        null,
        null,
        1,
        15,
        null,
        null
      ],
      "/Users/jenniferkonikowski/Dropbox/dev/course-review/app/controllers/application_controller.rb": [
        null,
        null,
        1,
        1,
        null
      ],
      "/Users/jenniferkonikowski/Dropbox/dev/course-review/app/controllers/schools_controller.rb": [
        1,
        1,
        1,
        1,
        null,
        null,
        null,
        1,
        4,
        null,
        null,
        null,
        1,
        1,
        null,
        null,
        null,
        1,
        2,
        null,
        null,
        null,
        1,
        null,
        null,
        null,
        null,
        1,
        5,
        null,
        5,
        5,
        6,
        null,
        4,
        2,
        null,
        null,
        null,
        null,
        null,
        null,
        1,
        5,
        5,
        6,
        null,
        4,
        2,
        null,
        null,
        null,
        null,
        null,
        null,
        1,
        2,
        2,
        4,
        2,
        null,
        null,
        null,
        1,
        null,
        1,
        10,
        null,
        null,
        null,
        1,
        15,
        null,
        null
      ],
      "/Users/jenniferkonikowski/Dropbox/dev/course-review/app/controllers/users_controller.rb": [
        null,
        null,
        1,
        1,
        1,
        1,
        null,
        null,
        null,
        1,
        4,
        null,
        null,
        null,
        1,
        2,
        null,
        null,
        null,
        null,
        1,
        5,
        null,
        5,
        5,
        6,
        null,
        4,
        2,
        null,
        null,
        null,
        null,
        null,
        null,
        1,
        5,
        5,
        6,
        null,
        4,
        2,
        null,
        null,
        null,
        null,
        null,
        null,
        1,
        2,
        2,
        4,
        2,
        null,
        null,
        null,
        null,
        1,
        2,
        2,
        null,
        null,
        null,
        1,
        2,
        2,
        null,
        null,
        1,
        null,
        null,
        1,
        11,
        null,
        null,
        null,
        1,
        15,
        null,
        null
      ],
      "/Users/jenniferkonikowski/Dropbox/dev/course-review/app/models/course.rb": [
        1,
        1,
        1,
        1,
        1,
        null,
        1,
        1,
        null,
        null,
        null,
        null,
        null,
        null,
        null,
        null,
        null,
        null,
        null,
        null,
        null,
        null,
        null,
        null,
        null,
        null,
        null
      ],
      "/Users/jenniferkonikowski/Dropbox/dev/course-review/app/models/school.rb": [
        1,
        1,
        1,
        1,
        null,
        null,
        null,
        null,
        null,
        null,
        null,
        null,
        null,
        null,
        null,
        null
      ],
      "/Users/jenniferkonikowski/Dropbox/dev/course-review/app/models/ability.rb": [
        null,
        null,
        1,
        1,
        null,
        1,
        72,
        72,
        null,
        null,
        72,
        69,
        66,
        null,
        3,
        3,
        null,
        null,
        null,
        null,
        3,
        0,
        null,
        null,
        null,
        null,
        null,
        null,
        null,
        null,
        null,
        null,
        null,
        null,
        null,
        null,
        null,
        null,
        null,
        null,
        null,
        null,
        null,
        null,
        null,
        null,
        null,
        null,
        null,
        null,
        null,
        null,
        null
      ],
      "/Users/jenniferkonikowski/Dropbox/dev/course-review/app/mailers/application_mailer.rb": [
        null,
        null,
        null,
        null,
        null,
        null
      ]
    },
    "timestamp": 1559509880
  }
}
